2025-03-21 21:28:48,629 - music_preference_predictor - INFO - Application started
2025-03-21 21:29:34,181 - music_preference_predictor - INFO - Application started
2025-03-21 21:29:34,189 - music_preference_predictor - INFO - File uploaded: music.csv, 108 rows, 3 columns
2025-03-21 21:29:34,191 - music_preference_predictor - INFO - Saved uploaded file to uploads\music.csv
2025-03-21 21:29:42,383 - music_preference_predictor - INFO - Application started
2025-03-21 21:29:42,390 - music_preference_predictor - INFO - File uploaded: music.csv, 108 rows, 3 columns
2025-03-21 21:29:42,393 - music_preference_predictor - INFO - Saved uploaded file to uploads\music.csv
2025-03-21 21:29:44,194 - music_preference_predictor - INFO - Application started
2025-03-21 21:29:44,201 - music_preference_predictor - INFO - File uploaded: music.csv, 108 rows, 3 columns
2025-03-21 21:29:44,203 - music_preference_predictor - INFO - Saved uploaded file to uploads\music.csv
2025-03-21 21:29:48,932 - music_preference_predictor - INFO - Application started
2025-03-21 21:29:48,938 - music_preference_predictor - INFO - File uploaded: music.csv, 108 rows, 3 columns
2025-03-21 21:29:48,942 - music_preference_predictor - INFO - Saved uploaded file to uploads\music.csv
2025-03-21 21:29:49,257 - music_preference_predictor - INFO - Application started
2025-03-21 21:29:49,265 - music_preference_predictor - INFO - File uploaded: music.csv, 108 rows, 3 columns
2025-03-21 21:29:49,268 - music_preference_predictor - INFO - Saved uploaded file to uploads\music.csv
2025-03-21 21:29:49,486 - music_preference_predictor - INFO - Predictions displayed for age=63, gender=1
2025-03-21 21:29:52,977 - music_preference_predictor - INFO - Application started
2025-03-21 21:29:52,983 - music_preference_predictor - INFO - File uploaded: music.csv, 108 rows, 3 columns
2025-03-21 21:29:52,987 - music_preference_predictor - INFO - Saved uploaded file to uploads\music.csv
2025-03-21 21:29:54,161 - music_preference_predictor - INFO - Application started
2025-03-21 21:29:54,167 - music_preference_predictor - INFO - File uploaded: music.csv, 108 rows, 3 columns
2025-03-21 21:29:54,171 - music_preference_predictor - INFO - Saved uploaded file to uploads\music.csv
2025-03-21 21:29:54,368 - music_preference_predictor - INFO - Predictions displayed for age=14, gender=1
2025-03-21 21:30:00,931 - music_preference_predictor - INFO - Application started
2025-03-21 21:30:00,938 - music_preference_predictor - INFO - File uploaded: music.csv, 108 rows, 3 columns
2025-03-21 21:30:00,941 - music_preference_predictor - INFO - Saved uploaded file to uploads\music.csv
2025-03-21 21:30:04,826 - music_preference_predictor - INFO - Application started
2025-03-21 21:30:04,832 - music_preference_predictor - INFO - File uploaded: music.csv, 108 rows, 3 columns
2025-03-21 21:30:04,835 - music_preference_predictor - INFO - Saved uploaded file to uploads\music.csv
2025-03-21 21:30:05,034 - music_preference_predictor - INFO - Predictions displayed for age=6, gender=1
2025-03-21 21:30:08,299 - music_preference_predictor - INFO - Application started
2025-03-21 21:30:08,308 - music_preference_predictor - INFO - File uploaded: music.csv, 108 rows, 3 columns
2025-03-21 21:30:08,311 - music_preference_predictor - INFO - Saved uploaded file to uploads\music.csv
2025-03-21 21:30:09,661 - music_preference_predictor - INFO - Application started
2025-03-21 21:30:09,667 - music_preference_predictor - INFO - File uploaded: music.csv, 108 rows, 3 columns
2025-03-21 21:30:09,669 - music_preference_predictor - INFO - Saved uploaded file to uploads\music.csv
2025-03-21 21:30:09,865 - music_preference_predictor - INFO - Predictions displayed for age=30, gender=1
2025-03-21 21:30:13,122 - music_preference_predictor - INFO - Application started
2025-03-21 21:30:13,129 - music_preference_predictor - INFO - File uploaded: music.csv, 108 rows, 3 columns
2025-03-21 21:30:13,131 - music_preference_predictor - INFO - Saved uploaded file to uploads\music.csv
2025-03-21 21:30:14,424 - music_preference_predictor - INFO - Application started
2025-03-21 21:30:14,430 - music_preference_predictor - INFO - File uploaded: music.csv, 108 rows, 3 columns
2025-03-21 21:30:14,433 - music_preference_predictor - INFO - Saved uploaded file to uploads\music.csv
2025-03-21 21:30:14,632 - music_preference_predictor - INFO - Predictions displayed for age=39, gender=1
2025-03-21 21:30:17,092 - music_preference_predictor - INFO - Application started
2025-03-21 21:30:17,099 - music_preference_predictor - INFO - File uploaded: music.csv, 108 rows, 3 columns
2025-03-21 21:30:17,101 - music_preference_predictor - INFO - Saved uploaded file to uploads\music.csv
2025-03-21 21:30:18,184 - music_preference_predictor - INFO - Application started
2025-03-21 21:30:18,192 - music_preference_predictor - INFO - File uploaded: music.csv, 108 rows, 3 columns
2025-03-21 21:30:18,195 - music_preference_predictor - INFO - Saved uploaded file to uploads\music.csv
2025-03-21 21:30:18,845 - music_preference_predictor - INFO - Application started
2025-03-21 21:30:18,853 - music_preference_predictor - INFO - File uploaded: music.csv, 108 rows, 3 columns
2025-03-21 21:30:18,855 - music_preference_predictor - INFO - Saved uploaded file to uploads\music.csv
2025-03-21 21:30:19,049 - music_preference_predictor - INFO - Predictions displayed for age=12, gender=0
2025-03-21 21:30:22,325 - music_preference_predictor - INFO - Application started
2025-03-21 21:30:22,332 - music_preference_predictor - INFO - File uploaded: music.csv, 108 rows, 3 columns
2025-03-21 21:30:22,334 - music_preference_predictor - INFO - Saved uploaded file to uploads\music.csv
2025-03-21 21:30:24,094 - music_preference_predictor - INFO - Application started
2025-03-21 21:30:24,101 - music_preference_predictor - INFO - File uploaded: music.csv, 108 rows, 3 columns
2025-03-21 21:30:24,103 - music_preference_predictor - INFO - Saved uploaded file to uploads\music.csv
2025-03-21 21:30:24,304 - music_preference_predictor - INFO - Predictions displayed for age=19, gender=0
2025-03-21 21:30:27,001 - music_preference_predictor - INFO - Application started
2025-03-21 21:30:27,007 - music_preference_predictor - INFO - File uploaded: music.csv, 108 rows, 3 columns
2025-03-21 21:30:27,009 - music_preference_predictor - INFO - Saved uploaded file to uploads\music.csv
2025-03-21 21:30:27,624 - music_preference_predictor - INFO - Application started
2025-03-21 21:30:27,631 - music_preference_predictor - INFO - File uploaded: music.csv, 108 rows, 3 columns
2025-03-21 21:30:27,634 - music_preference_predictor - INFO - Saved uploaded file to uploads\music.csv
2025-03-21 21:30:28,417 - music_preference_predictor - INFO - Application started
2025-03-21 21:30:28,423 - music_preference_predictor - INFO - File uploaded: music.csv, 108 rows, 3 columns
2025-03-21 21:30:28,425 - music_preference_predictor - INFO - Saved uploaded file to uploads\music.csv
2025-03-21 21:30:28,620 - music_preference_predictor - INFO - Predictions displayed for age=32, gender=0
2025-03-21 21:32:55,903 - music_preference_predictor - INFO - Application started
2025-03-21 21:32:55,908 - music_preference_predictor - INFO - File uploaded: music.csv, 108 rows, 3 columns
2025-03-21 21:32:55,910 - music_preference_predictor - INFO - Saved uploaded file to uploads\music.csv
2025-03-21 21:33:06,433 - music_preference_predictor - INFO - Application started
2025-03-21 21:33:06,437 - music_preference_predictor - INFO - File uploaded: music.csv, 108 rows, 3 columns
2025-03-21 21:33:06,440 - music_preference_predictor - INFO - Saved uploaded file to uploads\music.csv
2025-03-21 21:33:06,665 - music_preference_predictor - INFO - Predictions displayed for age=14, gender=0
2025-03-21 21:33:17,745 - music_preference_predictor - INFO - Application started
2025-03-21 21:33:17,750 - music_preference_predictor - INFO - File uploaded: music.csv, 108 rows, 3 columns
2025-03-21 21:33:17,753 - music_preference_predictor - INFO - Saved uploaded file to uploads\music.csv
2025-03-21 21:35:35,997 - music_preference_predictor - INFO - Application started
2025-03-21 21:35:41,142 - music_preference_predictor - INFO - Application started
2025-03-21 21:35:41,850 - music_preference_predictor - INFO - Application started
2025-03-21 21:35:46,323 - music_preference_predictor - INFO - Application started
2025-03-21 21:35:46,330 - music_preference_predictor - INFO - File uploaded: music.csv, 108 rows, 3 columns
2025-03-21 21:35:46,332 - music_preference_predictor - INFO - Saved uploaded file to uploads\music.csv
2025-03-21 21:35:49,136 - music_preference_predictor - INFO - Application started
2025-03-21 21:35:49,164 - music_preference_predictor - INFO - Predictions displayed for age=45, gender=1
2025-03-21 21:35:51,919 - music_preference_predictor - INFO - Application started
2025-03-21 21:35:57,885 - music_preference_predictor - INFO - Application started
2025-03-21 21:35:57,910 - music_preference_predictor - INFO - Predictions displayed for age=16, gender=1
2025-03-21 21:36:04,693 - music_preference_predictor - INFO - Application started
2025-03-21 21:36:05,095 - music_preference_predictor - INFO - Application started
2025-03-21 21:36:05,800 - music_preference_predictor - INFO - Application started
2025-03-21 21:36:05,825 - music_preference_predictor - INFO - Predictions displayed for age=24, gender=0
2025-03-21 21:36:12,056 - music_preference_predictor - INFO - Application started
2025-03-21 21:36:12,630 - music_preference_predictor - INFO - Application started
2025-03-21 21:36:12,655 - music_preference_predictor - INFO - Predictions displayed for age=42, gender=0
2025-03-21 21:36:24,186 - music_preference_predictor - INFO - Application started
2025-03-21 21:36:34,135 - music_preference_predictor - INFO - Application started
2025-03-21 21:36:34,141 - music_preference_predictor - INFO - File uploaded: music.csv, 108 rows, 3 columns
2025-03-21 21:36:34,143 - music_preference_predictor - INFO - Saved uploaded file to uploads\music.csv
2025-03-21 21:36:38,552 - music_preference_predictor - INFO - Application started
2025-03-21 21:36:39,779 - music_preference_predictor - INFO - Application started
2025-03-21 21:36:40,726 - music_preference_predictor - INFO - Application started
2025-03-21 21:36:45,775 - music_preference_predictor - INFO - Application started
2025-03-21 21:36:45,801 - music_preference_predictor - INFO - Predictions displayed for age=16, gender=1
2025-03-21 21:36:49,857 - music_preference_predictor - INFO - Application started
2025-03-21 21:36:50,659 - music_preference_predictor - INFO - Application started
2025-03-21 21:36:50,694 - music_preference_predictor - INFO - Predictions displayed for age=31, gender=1
2025-03-21 21:36:57,443 - music_preference_predictor - INFO - Application started
2025-03-21 21:36:58,276 - music_preference_predictor - INFO - Application started
2025-03-21 21:36:58,302 - music_preference_predictor - INFO - Predictions displayed for age=36, gender=1
2025-03-21 21:37:00,795 - music_preference_predictor - INFO - Application started
2025-03-21 21:37:01,758 - music_preference_predictor - INFO - Application started
2025-03-21 21:37:01,788 - music_preference_predictor - INFO - Predictions displayed for age=30, gender=1
2025-03-21 21:37:04,300 - music_preference_predictor - INFO - Application started
2025-03-21 21:37:05,002 - music_preference_predictor - INFO - Application started
2025-03-21 21:37:05,028 - music_preference_predictor - INFO - Predictions displayed for age=12, gender=1
2025-03-21 21:41:50,891 - music_preference_predictor - INFO - Application started
2025-03-21 21:41:56,430 - music_preference_predictor - INFO - Application started
2025-03-21 21:41:56,439 - music_preference_predictor - INFO - File uploaded: music.csv, 108 rows, 3 columns
2025-03-21 21:41:56,442 - music_preference_predictor - INFO - Saved uploaded file to uploads\music.csv
2025-03-21 21:41:59,153 - music_preference_predictor - INFO - Application started
2025-03-21 21:41:59,166 - music_preference_predictor - INFO - Predictions displayed for age=25, gender=1
2025-03-21 21:42:24,133 - music_preference_predictor - INFO - Application started
2025-03-21 21:42:25,360 - music_preference_predictor - INFO - Application started
2025-03-21 21:42:25,389 - music_preference_predictor - INFO - Predictions displayed for age=25, gender=1
2025-03-21 21:48:02,955 - music_preference_predictor - INFO - Application started
2025-03-21 21:48:04,616 - music_preference_predictor - INFO - Application started
2025-03-21 21:48:07,501 - music_preference_predictor - INFO - Application started
2025-03-21 21:48:07,509 - music_preference_predictor - INFO - File uploaded: music.csv, 108 rows, 3 columns
2025-03-21 21:48:07,512 - music_preference_predictor - INFO - Saved uploaded file to uploads\music.csv
2025-03-21 21:48:07,707 - music_preference_predictor - ERROR - Error processing uploaded file: cannot unpack non-iterable bool object
Traceback (most recent call last):
  File "C:\Users\kevin\Documents\LAU\4th year\Spring 2025\Digital Cultures\P1\music\src\app.py", line 79, in main
    model, le = train_and_save_model(df, save_model = config['model']['save_model'])
    ^^^^^^^^^
TypeError: cannot unpack non-iterable bool object
2025-03-21 21:50:49,498 - music_preference_predictor - INFO - Application started
2025-03-21 21:50:49,504 - music_preference_predictor - INFO - File uploaded: music.csv, 108 rows, 3 columns
2025-03-21 21:50:49,506 - music_preference_predictor - INFO - Saved uploaded file to uploads\music.csv
2025-03-21 21:50:52,120 - music_preference_predictor - INFO - Application started
2025-03-21 21:50:52,149 - music_preference_predictor - INFO - Predictions displayed for age=25, gender=1
2025-03-21 21:50:55,559 - music_preference_predictor - INFO - Application started
2025-03-21 21:51:04,762 - music_preference_predictor - INFO - Application started
2025-03-21 21:51:08,026 - music_preference_predictor - INFO - Application started
2025-03-21 21:51:08,033 - music_preference_predictor - INFO - File uploaded: music.csv, 108 rows, 3 columns
2025-03-21 21:51:08,038 - music_preference_predictor - INFO - Saved uploaded file to uploads\music.csv
2025-03-21 21:51:10,224 - music_preference_predictor - INFO - Application started
2025-03-21 21:51:10,881 - music_preference_predictor - INFO - Application started
2025-03-21 21:51:10,919 - music_preference_predictor - INFO - Predictions displayed for age=13, gender=1
2025-03-21 21:51:15,964 - music_preference_predictor - INFO - Application started
2025-03-21 21:51:17,241 - music_preference_predictor - INFO - Application started
2025-03-21 21:51:17,270 - music_preference_predictor - INFO - Predictions displayed for age=34, gender=1
2025-03-21 21:51:18,957 - music_preference_predictor - INFO - Application started
2025-03-21 21:51:20,007 - music_preference_predictor - INFO - Application started
2025-03-21 21:51:20,038 - music_preference_predictor - INFO - Predictions displayed for age=34, gender=0
2025-03-21 21:51:22,388 - music_preference_predictor - INFO - Application started
2025-03-21 21:51:22,849 - music_preference_predictor - INFO - Application started
2025-03-21 21:51:22,878 - music_preference_predictor - INFO - Predictions displayed for age=24, gender=0
2025-03-21 21:51:24,588 - music_preference_predictor - INFO - Application started
2025-03-21 21:51:25,724 - music_preference_predictor - INFO - Application started
2025-03-21 21:51:25,756 - music_preference_predictor - INFO - Predictions displayed for age=70, gender=0
